TN:
SF:src/presentation/helpers/http-response.js
FN:5,badRequest
FN:13,internalServerError
FN:20,unauthorazedError
FN:27,ok
FNF:4
FNH:4
FNDA:3,badRequest
FNDA:5,internalServerError
FNDA:1,unauthorazedError
FNDA:2,ok
DA:1,1
DA:2,1
DA:3,1
DA:4,1
DA:5,1
DA:6,3
DA:7,3
DA:8,3
DA:9,3
DA:10,3
DA:11,3
DA:12,1
DA:13,1
DA:14,5
DA:15,5
DA:16,5
DA:17,5
DA:18,5
DA:19,1
DA:20,1
DA:21,1
DA:22,1
DA:23,1
DA:24,1
DA:25,1
DA:26,1
DA:27,1
DA:28,2
DA:29,2
DA:30,2
DA:31,2
DA:32,2
DA:33,1
LF:33
LH:33
BRDA:5,0,0,3
BRDA:13,1,0,5
BRDA:20,2,0,1
BRDA:27,3,0,2
BRF:4
BRH:4
end_of_record
TN:
SF:src/presentation/helpers/internal-server-error.js
FN:2,InternalServerError
FNF:1
FNH:1
FNDA:9,InternalServerError
DA:1,1
DA:2,1
DA:3,9
DA:4,9
DA:5,9
DA:6,1
LF:6
LH:6
BRDA:2,0,0,9
BRF:1
BRH:1
end_of_record
TN:
SF:src/presentation/helpers/invalid-param-error.js
FN:2,InvalidParamError
FNF:1
FNH:1
FNDA:2,InvalidParamError
DA:1,1
DA:2,1
DA:3,2
DA:4,2
DA:5,2
DA:6,1
LF:6
LH:6
BRDA:2,0,0,2
BRF:1
BRH:1
end_of_record
TN:
SF:src/presentation/helpers/missing-param-error.js
FN:2,MissingParamError
FNF:1
FNH:1
FNDA:4,MissingParamError
DA:1,1
DA:2,1
DA:3,4
DA:4,4
DA:5,4
DA:6,1
LF:6
LH:6
BRDA:2,0,0,4
BRF:1
BRH:1
end_of_record
TN:
SF:src/presentation/helpers/unauthorazedError-error.js
FN:2,UnauthorazedError
FNF:1
FNH:1
FNDA:2,UnauthorazedError
DA:1,1
DA:2,1
DA:3,2
DA:4,2
DA:5,2
DA:6,1
LF:6
LH:6
BRDA:2,0,0,2
BRF:1
BRH:1
end_of_record
TN:
SF:src/presentation/routers/LoginRouter.js
FN:5,LoginRouter
FN:10,route
FNF:2
FNH:2
FNDA:11,LoginRouter
FNDA:11,route
DA:1,1
DA:2,1
DA:3,1
DA:4,1
DA:5,1
DA:6,11
DA:7,11
DA:8,11
DA:9,1
DA:10,1
DA:11,11
DA:12,11
DA:13,11
DA:14,1
DA:15,1
DA:16,11
DA:17,11
DA:18,1
DA:19,1
DA:20,11
DA:21,11
DA:22,1
DA:23,1
DA:24,11
DA:25,11
DA:26,11
DA:27,11
DA:28,1
DA:29,1
DA:30,2
DA:31,11
DA:32,5
DA:33,5
DA:34,11
DA:35,1
LF:35
LH:35
BRDA:5,0,0,11
BRDA:10,1,0,11
BRDA:13,2,0,1
BRDA:17,3,0,1
BRDA:21,4,0,1
BRDA:27,5,0,1
BRDA:30,6,0,2
BRDA:31,7,0,5
BRF:8
BRH:8
end_of_record
